#
# There is insufficient memory for the Java Runtime Environment to continue.
# Native memory allocation (malloc) failed to allocate 1168816 bytes. Error detail: Chunk::new
# Possible reasons:
#   The system is out of physical RAM or swap space
#   This process is running with CompressedOops enabled, and the Java Heap may be blocking the growth of the native heap
# Possible solutions:
#   Reduce memory load on the system
#   Increase physical memory or swap space
#   Check if swap backing store is full
#   Decrease Java heap size (-Xmx/-Xms)
#   Decrease number of Java threads
#   Decrease Java thread stack sizes (-Xss)
#   Set larger code cache with -XX:ReservedCodeCacheSize=
#   JVM is running with Zero Based Compressed Oops mode in which the Java heap is
#     placed in the first 32GB address space. The Java Heap base address is the
#     maximum limit for the native heap growth. Please use -XX:HeapBaseMinAddress
#     to set the Java Heap base and to place the Java Heap above 32GB virtual address.
# This output file may be truncated or incomplete.
#
#  Out of Memory Error (arena.cpp:168), pid=28828, tid=2604
#
# JRE version: OpenJDK Runtime Environment Temurin-21.0.6+7 (21.0.6+7) (build 21.0.6+7-LTS)
# Java VM: OpenJDK 64-Bit Server VM Temurin-21.0.6+7 (21.0.6+7-LTS, mixed mode, sharing, tiered, compressed oops, compressed class ptrs, g1 gc, windows-amd64)
# No core dump will be written. Minidumps are not enabled by default on client versions of Windows
#

---------------  S U M M A R Y ------------

Command Line: -ea -Dallure.results.directory=target/allure-results -Dfile.encoding=UTF-8 -Dstdout.encoding=UTF-8 -Dstderr.encoding=UTF-8 -XX:+ShowCodeDetailsInExceptionMessages org.testng.remote.RemoteTestNG -serport 53438 -protocol json -d C:\Users\ksman\OneDrive\Desktop\SMART_HOSPITAL_SYSTEM\Smart_Hospital_Project\android_learn\test-output C:\Users\ksman\AppData\Local\Temp\testng-eclipse-728070788\testng-customsuite.xml

Host: 11th Gen Intel(R) Core(TM) i5-11400H @ 2.70GHz, 12 cores, 15G,  Windows 11 , 64 bit Build 26100 (10.0.26100.8521)
Time: Thu Jun 18 14:37:17 2026 India Standard Time elapsed time: 6.718228 seconds (0d 0h 0m 6s)

---------------  T H R E A D  ---------------

Current thread (0x000002975f3e1b30):  JavaThread "C2 CompilerThread0" daemon [_thread_in_native, id=2604, stack(0x000000d36ab00000,0x000000d36ac00000) (1024K)]


Current CompileTask:
C2:6718 2075       4       java.lang.invoke.MethodType::makeImpl (109 bytes)

Stack: [0x000000d36ab00000,0x000000d36ac00000]
Native frames: (J=compiled Java code, j=interpreted, Vv=VM code, C=native code)
V  [jvm.dll+0x6cdee9]
V  [jvm.dll+0x8a83d1]
V  [jvm.dll+0x8aa8fe]
V  [jvm.dll+0x8aafe3]
V  [jvm.dll+0x27f706]
V  [jvm.dll+0xc500d]
V  [jvm.dll+0xc5543]
V  [jvm.dll+0x3b6752]
V  [jvm.dll+0x1dfe13]
V  [jvm.dll+0x247b42]
V  [jvm.dll+0x246fcf]
V  [jvm.dll+0x1c75ee]
V  [jvm.dll+0x25685a]
V  [jvm.dll+0x254dfa]
V  [jvm.dll+0x3f0256]
V  [jvm.dll+0x851f8b]
V  [jvm.dll+0x6cc5ed]
C  [ucrtbase.dll+0x2cd30]
C  [KERNEL32.DLL+0x2e957]
C  [ntdll.dll+0x87c1c]


---------------  P R O C E S S  ---------------

Threads class SMR info:
_java_thread_list=0x000002976493eb40, length=16, elements={
0x00000297449c15a0, 0x000002975f3c9d40, 0x000002975f3ca790, 0x000002975f3cba00,
0x000002975f3ce670, 0x000002975f3cf600, 0x000002975f3d1c70, 0x000002975f3e1b30,
0x000002975f3e66c0, 0x000002975f543600, 0x000002975f5598f0, 0x000002975fd08f00,
0x000002975f3e44b0, 0x000002975f493030, 0x0000029764a58120, 0x0000029765dd2bd0
}

Java Threads: ( => current thread )
  0x00000297449c15a0 JavaThread "Forwarding newSession on session null to remote"        [_thread_blocked, id=26116, stack(0x000000d369d00000,0x000000d369e00000) (1024K)]
  0x000002975f3c9d40 JavaThread "Reference Handler"          daemon [_thread_blocked, id=10416, stack(0x000000d36a500000,0x000000d36a600000) (1024K)]
  0x000002975f3ca790 JavaThread "Finalizer"                  daemon [_thread_blocked, id=27228, stack(0x000000d36a600000,0x000000d36a700000) (1024K)]
  0x000002975f3cba00 JavaThread "Signal Dispatcher"          daemon [_thread_blocked, id=19304, stack(0x000000d36a700000,0x000000d36a800000) (1024K)]
  0x000002975f3ce670 JavaThread "Attach Listener"            daemon [_thread_blocked, id=5668, stack(0x000000d36a800000,0x000000d36a900000) (1024K)]
  0x000002975f3cf600 JavaThread "Service Thread"             daemon [_thread_blocked, id=28776, stack(0x000000d36a900000,0x000000d36aa00000) (1024K)]
  0x000002975f3d1c70 JavaThread "Monitor Deflation Thread"   daemon [_thread_blocked, id=27740, stack(0x000000d36aa00000,0x000000d36ab00000) (1024K)]
=>0x000002975f3e1b30 JavaThread "C2 CompilerThread0"         daemon [_thread_in_native, id=2604, stack(0x000000d36ab00000,0x000000d36ac00000) (1024K)]
  0x000002975f3e66c0 JavaThread "C1 CompilerThread0"         daemon [_thread_blocked, id=30316, stack(0x000000d36ac00000,0x000000d36ad00000) (1024K)]
  0x000002975f543600 JavaThread "Notification Thread"        daemon [_thread_blocked, id=31408, stack(0x000000d36ad00000,0x000000d36ae00000) (1024K)]
  0x000002975f5598f0 JavaThread "Common-Cleaner"             daemon [_thread_blocked, id=22444, stack(0x000000d36ae00000,0x000000d36af00000) (1024K)]
  0x000002975fd08f00 JavaThread "ReaderThread"                      [_thread_in_native, id=988, stack(0x000000d36af00000,0x000000d36b000000) (1024K)]
  0x000002975f3e44b0 JavaThread "C2 CompilerThread1"         daemon [_thread_in_native, id=28668, stack(0x000000d36b100000,0x000000d36b200000) (1024K)]
  0x000002975f493030 JavaThread "ForkJoinPool.commonPool-worker-1" daemon [_thread_blocked, id=31128, stack(0x000000d36bb00000,0x000000d36bc00000) (1024K)]
  0x0000029764a58120 JavaThread "HttpClient-1-SelectorManager" daemon [_thread_in_native, id=19448, stack(0x000000d36bc00000,0x000000d36bd00000) (1024K)]
  0x0000029765dd2bd0 JavaThread "JdkHttpClient-0-0"          daemon [_thread_in_Java, id=27768, stack(0x000000d36bd00000,0x000000d36be00000) (1024K)]
Total: 16

Other Threads:
  0x000002975f3ac4e0 VMThread "VM Thread"                           [id=9440, stack(0x000000d36a400000,0x000000d36a500000) (1024K)]
  0x000002975f39a1f0 WatcherThread "VM Periodic Task Thread"        [id=6672, stack(0x000000d36a300000,0x000000d36a400000) (1024K)]
  0x0000029744a23170 WorkerThread "GC Thread#0"                     [id=5556, stack(0x000000d369e00000,0x000000d369f00000) (1024K)]
  0x000002976470cf90 WorkerThread "GC Thread#1"                     [id=12228, stack(0x000000d36b200000,0x000000d36b300000) (1024K)]
  0x0000029764868ee0 WorkerThread "GC Thread#2"                     [id=27132, stack(0x000000d36b300000,0x000000d36b400000) (1024K)]
  0x0000029764869280 WorkerThread "GC Thread#3"                     [id=30600, stack(0x000000d36b400000,0x000000d36b500000) (1024K)]
  0x00000297643e27a0 WorkerThread "GC Thread#4"                     [id=30560, stack(0x000000d36b500000,0x000000d36b600000) (1024K)]
  0x0000029764722ce0 WorkerThread "GC Thread#5"                     [id=13276, stack(0x000000d36b600000,0x000000d36b700000) (1024K)]
  0x00000297647242a0 WorkerThread "GC Thread#6"                     [id=26708, stack(0x000000d36b700000,0x000000d36b800000) (1024K)]
  0x0000029764723080 WorkerThread "GC Thread#7"                     [id=30360, stack(0x000000d36b800000,0x000000d36b900000) (1024K)]
  0x0000029764723420 WorkerThread "GC Thread#8"                     [id=5464, stack(0x000000d36b900000,0x000000d36ba00000) (1024K)]
  0x0000029764723b60 WorkerThread "GC Thread#9"                     [id=23660, stack(0x000000d36ba00000,0x000000d36bb00000) (1024K)]
  0x0000029744a33c20 ConcurrentGCThread "G1 Main Marker"            [id=448, stack(0x000000d369f00000,0x000000d36a000000) (1024K)]
  0x0000029744a37b10 WorkerThread "G1 Conc#0"                       [id=16248, stack(0x000000d36a000000,0x000000d36a100000) (1024K)]
  0x000002975f25ee60 ConcurrentGCThread "G1 Refine#0"               [id=23316, stack(0x000000d36a100000,0x000000d36a200000) (1024K)]
  0x000002975f25f680 ConcurrentGCThread "G1 Service"                [id=3736, stack(0x000000d36a200000,0x000000d36a300000) (1024K)]
Total: 16

Threads with active compile tasks:
C2 CompilerThread0  7760 2075       4       java.lang.invoke.MethodType::makeImpl (109 bytes)
C2 CompilerThread1  7760 2191       4       java.lang.invoke.MethodType::methodType (69 bytes)
Total: 2

VM state: not at safepoint (normal execution)

VM Mutex/Monitor currently owned by a thread: None

Heap address: 0x0000000704400000, size: 4028 MB, Compressed Oops mode: Zero based, Oop shift amount: 3

CDS archive(s) mapped at: [0x0000029700000000-0x0000029700c80000-0x0000029700c80000), size 13107200, SharedBaseAddress: 0x0000029700000000, ArchiveRelocationMode: 1.
Compressed class space mapped at: 0x0000029701000000-0x0000029741000000, reserved size: 1073741824
Narrow klass base: 0x0000029700000000, Narrow klass shift: 0, Narrow klass range: 0x100000000

GC Precious Log:
 CardTable entry size: 512
 Card Set container configuration: InlinePtr #cards 4 size 8 Array Of Cards #cards 16 size 48 Howl #buckets 8 coarsen threshold 3686 Howl Bitmap #cards 512 size 80 coarsen threshold 460 Card regions per heap region 1 cards per card region 4096
 CPUs: 12 total, 12 available
 Memory: 16106M
 Large Page Support: Disabled
 NUMA Support: Disabled
 Compressed Oops: Enabled (Zero based)
 Heap Region Size: 2M
 Heap Min Capacity: 8M
 Heap Initial Capacity: 252M
 Heap Max Capacity: 4028M
 Pre-touch: Disabled
 Parallel Workers: 10
 Concurrent Workers: 3
 Concurrent Refinement Workers: 10
 Periodic GC: Disabled

Heap:
 garbage-first heap   total 258048K, used 28083K [0x0000000704400000, 0x0000000800000000)
  region size 2048K, 12 young (24576K), 1 survivors (2048K)
 Metaspace       used 18688K, committed 19072K, reserved 1114112K
  class space    used 2173K, committed 2304K, reserved 1048576K

Heap Regions: E=young(eden), S=young(survivor), O=old, HS=humongous(starts), HC=humongous(continues), CS=collection set, F=free, TAMS=top-at-mark-start, PB=parsable bottom
|   0|0x0000000704400000, 0x0000000704600000, 0x0000000704600000|100%| O|  |TAMS 0x0000000704400000| PB 0x0000000704400000| Untracked 
|   1|0x0000000704600000, 0x0000000704800000, 0x0000000704800000|100%| O|  |TAMS 0x0000000704600000| PB 0x0000000704600000| Untracked 
|   2|0x0000000704800000, 0x0000000704a00000, 0x0000000704a00000|100%| O|  |TAMS 0x0000000704800000| PB 0x0000000704800000| Untracked 
|   3|0x0000000704a00000, 0x0000000704b7e908, 0x0000000704c00000| 74%| O|  |TAMS 0x0000000704a00000| PB 0x0000000704a00000| Untracked 
|   4|0x0000000704c00000, 0x0000000704c00000, 0x0000000704e00000|  0%| F|  |TAMS 0x0000000704c00000| PB 0x0000000704c00000| Untracked 
|   5|0x0000000704e00000, 0x0000000704e00000, 0x0000000705000000|  0%| F|  |TAMS 0x0000000704e00000| PB 0x0000000704e00000| Untracked 
|   6|0x0000000705000000, 0x0000000705000000, 0x0000000705200000|  0%| F|  |TAMS 0x0000000705000000| PB 0x0000000705000000| Untracked 
|   7|0x0000000705200000, 0x0000000705200000, 0x0000000705400000|  0%| F|  |TAMS 0x0000000705200000| PB 0x0000000705200000| Untracked 
|   8|0x0000000705400000, 0x0000000705400000, 0x0000000705600000|  0%| F|  |TAMS 0x0000000705400000| PB 0x0000000705400000| Untracked 
|   9|0x0000000705600000, 0x0000000705600000, 0x0000000705800000|  0%| F|  |TAMS 0x0000000705600000| PB 0x0000000705600000| Untracked 
|  10|0x0000000705800000, 0x0000000705800000, 0x0000000705a00000|  0%| F|  |TAMS 0x0000000705800000| PB 0x0000000705800000| Untracked 
|  11|0x0000000705a00000, 0x0000000705a00000, 0x0000000705c00000|  0%| F|  |TAMS 0x0000000705a00000| PB 0x0000000705a00000| Untracked 
|  12|0x0000000705c00000, 0x0000000705c00000, 0x0000000705e00000|  0%| F|  |TAMS 0x0000000705c00000| PB 0x0000000705c00000| Untracked 
|  13|0x0000000705e00000, 0x0000000705e00000, 0x0000000706000000|  0%| F|  |TAMS 0x0000000705e00000| PB 0x0000000705e00000| Untracked 
|  14|0x0000000706000000, 0x0000000706000000, 0x0000000706200000|  0%| F|  |TAMS 0x0000000706000000| PB 0x0000000706000000| Untracked 
|  15|0x0000000706200000, 0x0000000706200000, 0x0000000706400000|  0%| F|  |TAMS 0x0000000706200000| PB 0x0000000706200000| Untracked 
|  16|0x0000000706400000, 0x0000000706400000, 0x0000000706600000|  0%| F|  |TAMS 0x0000000706400000| PB 0x0000000706400000| Untracked 
|  17|0x0000000706600000, 0x0000000706600000, 0x0000000706800000|  0%| F|  |TAMS 0x0000000706600000| PB 0x0000000706600000| Untracked 
|  18|0x0000000706800000, 0x0000000706800000, 0x0000000706a00000|  0%| F|  |TAMS 0x0000000706800000| PB 0x0000000706800000| Untracked 
|  19|0x0000000706a00000, 0x0000000706a00000, 0x0000000706c00000|  0%| F|  |TAMS 0x0000000706a00000| PB 0x0000000706a00000| Untracked 
|  20|0x0000000706c00000, 0x0000000706c00000, 0x0000000706e00000|  0%| F|  |TAMS 0x0000000706c00000| PB 0x0000000706c00000| Untracked 
|  21|0x0000000706e00000, 0x0000000706e00000, 0x0000000707000000|  0%| F|  |TAMS 0x0000000706e00000| PB 0x0000000706e00000| Untracked 
|  22|0x0000000707000000, 0x0000000707000000, 0x0000000707200000|  0%| F|  |TAMS 0x0000000707000000| PB 0x0000000707000000| Untracked 
|  23|0x0000000707200000, 0x0000000707200000, 0x0000000707400000|  0%| F|  |TAMS 0x0000000707200000| PB 0x0000000707200000| Untracked 
|  24|0x0000000707400000, 0x0000000707400000, 0x0000000707600000|  0%| F|  |TAMS 0x0000000707400000| PB 0x0000000707400000| Untracked 
|  25|0x0000000707600000, 0x0000000707600000, 0x0000000707800000|  0%| F|  |TAMS 0x0000000707600000| PB 0x0000000707600000| Untracked 
|  26|0x0000000707800000, 0x0000000707800000, 0x0000000707a00000|  0%| F|  |TAMS 0x0000000707800000| PB 0x0000000707800000| Untracked 
|  27|0x0000000707a00000, 0x0000000707a00000, 0x0000000707c00000|  0%| F|  |TAMS 0x0000000707a00000| PB 0x0000000707a00000| Untracked 
|  28|0x0000000707c00000, 0x0000000707c00000, 0x0000000707e00000|  0%| F|  |TAMS 0x0000000707c00000| PB 0x0000000707c00000| Untracked 
|  29|0x0000000707e00000, 0x0000000707e00000, 0x0000000708000000|  0%| F|  |TAMS 0x0000000707e00000| PB 0x0000000707e00000| Untracked 
|  30|0x0000000708000000, 0x0000000708000000, 0x0000000708200000|  0%| F|  |TAMS 0x0000000708000000| PB 0x0000000708000000| Untracked 
|  31|0x0000000708200000, 0x0000000708200000, 0x0000000708400000|  0%| F|  |TAMS 0x0000000708200000| PB 0x0000000708200000| Untracked 
|  32|0x0000000708400000, 0x0000000708400000, 0x0000000708600000|  0%| F|  |TAMS 0x0000000708400000| PB 0x0000000708400000| Untracked 
|  33|0x0000000708600000, 0x0000000708600000, 0x0000000708800000|  0%| F|  |TAMS 0x0000000708600000| PB 0x0000000708600000| Untracked 
|  34|0x0000000708800000, 0x0000000708800000, 0x0000000708a00000|  0%| F|  |TAMS 0x0000000708800000| PB 0x0000000708800000| Untracked 
|  35|0x0000000708a00000, 0x0000000708a00000, 0x0000000708c00000|  0%| F|  |TAMS 0x0000000708a00000| PB 0x0000000708a00000| Untracked 
|  36|0x0000000708c00000, 0x0000000708c00000, 0x0000000708e00000|  0%| F|  |TAMS 0x0000000708c00000| PB 0x0000000708c00000| Untracked 
|  37|0x0000000708e00000, 0x0000000708e00000, 0x0000000709000000|  0%| F|  |TAMS 0x0000000708e00000| PB 0x0000000708e00000| Untracked 
|  38|0x0000000709000000, 0x0000000709000000, 0x0000000709200000|  0%| F|  |TAMS 0x0000000709000000| PB 0x0000000709000000| Untracked 
|  39|0x0000000709200000, 0x0000000709200000, 0x0000000709400000|  0%| F|  |TAMS 0x0000000709200000| PB 0x0000000709200000| Untracked 
|  40|0x0000000709400000, 0x0000000709400000, 0x0000000709600000|  0%| F|  |TAMS 0x0000000709400000| PB 0x0000000709400000| Untracked 
|  41|0x0000000709600000, 0x0000000709600000, 0x0000000709800000|  0%| F|  |TAMS 0x0000000709600000| PB 0x0000000709600000| Untracked 
|  42|0x0000000709800000, 0x0000000709800000, 0x0000000709a00000|  0%| F|  |TAMS 0x0000000709800000| PB 0x0000000709800000| Untracked 
|  43|0x0000000709a00000, 0x0000000709a00000, 0x0000000709c00000|  0%| F|  |TAMS 0x0000000709a00000| PB 0x0000000709a00000| Untracked 
|  44|0x0000000709c00000, 0x0000000709c00000, 0x0000000709e00000|  0%| F|  |TAMS 0x0000000709c00000| PB 0x0000000709c00000| Untracked 
|  45|0x0000000709e00000, 0x0000000709e00000, 0x000000070a000000|  0%| F|  |TAMS 0x0000000709e00000| PB 0x0000000709e00000| Untracked 
|  46|0x000000070a000000, 0x000000070a000000, 0x000000070a200000|  0%| F|  |TAMS 0x000000070a000000| PB 0x000000070a000000| Untracked 
|  47|0x000000070a200000, 0x000000070a200000, 0x000000070a400000|  0%| F|  |TAMS 0x000000070a200000| PB 0x000000070a200000| Untracked 
|  48|0x000000070a400000, 0x000000070a400000, 0x000000070a600000|  0%| F|  |TAMS 0x000000070a400000| PB 0x000000070a400000| Untracked 
|  49|0x000000070a600000, 0x000000070a600000, 0x000000070a800000|  0%| F|  |TAMS 0x000000070a600000| PB 0x000000070a600000| Untracked 
|  50|0x000000070a800000, 0x000000070a800000, 0x000000070aa00000|  0%| F|  |TAMS 0x000000070a800000| PB 0x000000070a800000| Untracked 
|  51|0x000000070aa00000, 0x000000070aa00000, 0x000000070ac00000|  0%| F|  |TAMS 0x000000070aa00000| PB 0x000000070aa00000| Untracked 
|  52|0x000000070ac00000, 0x000000070ac00000, 0x000000070ae00000|  0%| F|  |TAMS 0x000000070ac00000| PB 0x000000070ac00000| Untracked 
|  53|0x000000070ae00000, 0x000000070ae00000, 0x000000070b000000|  0%| F|  |TAMS 0x000000070ae00000| PB 0x000000070ae00000| Untracked 
|  54|0x000000070b000000, 0x000000070b000000, 0x000000070b200000|  0%| F|  |TAMS 0x000000070b000000| PB 0x000000070b000000| Untracked 
|  55|0x000000070b200000, 0x000000070b200000, 0x000000070b400000|  0%| F|  |TAMS 0x000000070b200000| PB 0x000000070b200000| Untracked 
|  56|0x000000070b400000, 0x000000070b400000, 0x000000070b600000|  0%| F|  |TAMS 0x000000070b400000| PB 0x000000070b400000| Untracked 
|  57|0x000000070b600000, 0x000000070b600000, 0x000000070b800000|  0%| F|  |TAMS 0x000000070b600000| PB 0x000000070b600000| Untracked 
|  58|0x000000070b800000, 0x000000070b800000, 0x000000070ba00000|  0%| F|  |TAMS 0x000000070b800000| PB 0x000000070b800000| Untracked 
|  59|0x000000070ba00000, 0x000000070ba00000, 0x000000070bc00000|  0%| F|  |TAMS 0x000000070ba00000| PB 0x000000070ba00000| Untracked 
|  60|0x000000070bc00000, 0x000000070bc00000, 0x000000070be00000|  0%| F|  |TAMS 0x000000070bc00000| PB 0x000000070bc00000| Untracked 
|  61|0x000000070be00000, 0x000000070be00000, 0x000000070c000000|  0%| F|  |TAMS 0x000000070be00000| PB 0x000000070be00000| Untracked 
|  62|0x000000070c000000, 0x000000070c000000, 0x000000070c200000|  0%| F|  |TAMS 0x000000070c000000| PB 0x000000070c000000| Untracked 
|  63|0x000000070c200000, 0x000000070c200000, 0x000000070c400000|  0%| F|  |TAMS 0x000000070c200000| PB 0x000000070c200000| Untracked 
|  64|0x000000070c400000, 0x000000070c400000, 0x000000070c600000|  0%| F|  |TAMS 0x000000070c400000| PB 0x000000070c400000| Untracked 
|  65|0x000000070c600000, 0x000000070c600000, 0x000000070c800000|  0%| F|  |TAMS 0x000000070c600000| PB 0x000000070c600000| Untracked 
|  66|0x000000070c800000, 0x000000070c800000, 0x000000070ca00000|  0%| F|  |TAMS 0x000000070c800000| PB 0x000000070c800000| Untracked 
|  67|0x000000070ca00000, 0x000000070ca00000, 0x000000070cc00000|  0%| F|  |TAMS 0x000000070ca00000| PB 0x000000070ca00000| Untracked 
|  68|0x000000070cc00000, 0x000000070cc00000, 0x000000070ce00000|  0%| F|  |TAMS 0x000000070cc00000| PB 0x000000070cc00000| Untracked 
|  69|0x000000070ce00000, 0x000000070ce00000, 0x000000070d000000|  0%| F|  |TAMS 0x000000070ce00000| PB 0x000000070ce00000| Untracked 
|  70|0x000000070d000000, 0x000000070d000000, 0x000000070d200000|  0%| F|  |TAMS 0x000000070d000000| PB 0x000000070d000000| Untracked 
|  71|0x000000070d200000, 0x000000070d200000, 0x000000070d400000|  0%| F|  |TAMS 0x000000070d200000| PB 0x000000070d200000| Untracked 
|  72|0x000000070d400000, 0x000000070d400000, 0x000000070d600000|  0%| F|  |TAMS 0x000000070d400000| PB 0x000000070d400000| Untracked 
|  73|0x000000070d600000, 0x000000070d600000, 0x000000070d800000|  0%| F|  |TAMS 0x000000070d600000| PB 0x000000070d600000| Untracked 
|  74|0x000000070d800000, 0x000000070d800000, 0x000000070da00000|  0%| F|  |TAMS 0x000000070d800000| PB 0x000000070d800000| Untracked 
|  75|0x000000070da00000, 0x000000070da00000, 0x000000070dc00000|  0%| F|  |TAMS 0x000000070da00000| PB 0x000000070da00000| Untracked 
|  76|0x000000070dc00000, 0x000000070dc00000, 0x000000070de00000|  0%| F|  |TAMS 0x000000070dc00000| PB 0x000000070dc00000| Untracked 
|  77|0x000000070de00000, 0x000000070de00000, 0x000000070e000000|  0%| F|  |TAMS 0x000000070de00000| PB 0x000000070de00000| Untracked 
|  78|0x000000070e000000, 0x000000070e000000, 0x000000070e200000|  0%| F|  |TAMS 0x000000070e000000| PB 0x000000070e000000| Untracked 
|  79|0x000000070e200000, 0x000000070e200000, 0x000000070e400000|  0%| F|  |TAMS 0x000000070e200000| PB 0x000000070e200000| Untracked 
|  80|0x000000070e400000, 0x000000070e400000, 0x000000070e600000|  0%| F|  |TAMS 0x000000070e400000| PB 0x000000070e400000| Untracked 
|  81|0x000000070e600000, 0x000000070e600000, 0x000000070e800000|  0%| F|  |TAMS 0x000000070e600000| PB 0x000000070e600000| Untracked 
|  82|0x000000070e800000, 0x000000070e800000, 0x000000070ea00000|  0%| F|  |TAMS 0x000000070e800000| PB 0x000000070e800000| Untracked 
|  83|0x000000070ea00000, 0x000000070ea00000, 0x000000070ec00000|  0%| F|  |TAMS 0x000000070ea00000| PB 0x000000070ea00000| Untracked 
|  84|0x000000070ec00000, 0x000000070ec00000, 0x000000070ee00000|  0%| F|  |TAMS 0x000000070ec00000| PB 0x000000070ec00000| Untracked 
|  85|0x000000070ee00000, 0x000000070ee00000, 0x000000070f000000|  0%| F|  |TAMS 0x000000070ee00000| PB 0x000000070ee00000| Untracked 
|  86|0x000000070f000000, 0x000000070f000000, 0x000000070f200000|  0%| F|  |TAMS 0x000000070f000000| PB 0x000000070f000000| Untracked 
|  87|0x000000070f200000, 0x000000070f200000, 0x000000070f400000|  0%| F|  |TAMS 0x000000070f200000| PB 0x000000070f200000| Untracked 
|  88|0x000000070f400000, 0x000000070f400000, 0x000000070f600000|  0%| F|  |TAMS 0x000000070f400000| PB 0x000000070f400000| Untracked 
|  89|0x000000070f600000, 0x000000070f600000, 0x000000070f800000|  0%| F|  |TAMS 0x000000070f600000| PB 0x000000070f600000| Untracked 
|  90|0x000000070f800000, 0x000000070f800000, 0x000000070fa00000|  0%| F|  |TAMS 0x000000070f800000| PB 0x000000070f800000| Untracked 
|  91|0x000000070fa00000, 0x000000070fa00000, 0x000000070fc00000|  0%| F|  |TAMS 0x000000070fa00000| PB 0x000000070fa00000| Untracked 
|  92|0x000000070fc00000, 0x000000070fc00000, 0x000000070fe00000|  0%| F|  |TAMS 0x000000070fc00000| PB 0x000000070fc00000| Untracked 
|  93|0x000000070fe00000, 0x000000070fe00000, 0x0000000710000000|  0%| F|  |TAMS 0x000000070fe00000| PB 0x000000070fe00000| Untracked 
|  94|0x0000000710000000, 0x0000000710000000, 0x0000000710200000|  0%| F|  |TAMS 0x0000000710000000| PB 0x0000000710000000| Untracked 
|  95|0x0000000710200000, 0x0000000710200000, 0x0000000710400000|  0%| F|  |TAMS 0x0000000710200000| PB 0x0000000710200000| Untracked 
|  96|0x0000000710400000, 0x0000000710400000, 0x0000000710600000|  0%| F|  |TAMS 0x0000000710400000| PB 0x0000000710400000| Untracked 
|  97|0x0000000710600000, 0x0000000710600000, 0x0000000710800000|  0%| F|  |TAMS 0x0000000710600000| PB 0x0000000710600000| Untracked 
|  98|0x0000000710800000, 0x0000000710800000, 0x0000000710a00000|  0%| F|  |TAMS 0x0000000710800000| PB 0x0000000710800000| Untracked 
|  99|0x0000000710a00000, 0x0000000710a00000, 0x0000000710c00000|  0%| F|  |TAMS 0x0000000710a00000| PB 0x0000000710a00000| Untracked 
| 100|0x0000000710c00000, 0x0000000710c00000, 0x0000000710e00000|  0%| F|  |TAMS 0x0000000710c00000| PB 0x0000000710c00000| Untracked 
| 101|0x0000000710e00000, 0x0000000710e00000, 0x0000000711000000|  0%| F|  |TAMS 0x0000000710e00000| PB 0x0000000710e00000| Untracked 
| 102|0x0000000711000000, 0x0000000711000000, 0x0000000711200000|  0%| F|  |TAMS 0x0000000711000000| PB 0x0000000711000000| Untracked 
| 103|0x0000000711200000, 0x0000000711200000, 0x0000000711400000|  0%| F|  |TAMS 0x0000000711200000| PB 0x0000000711200000| Untracked 
| 104|0x0000000711400000, 0x0000000711400000, 0x0000000711600000|  0%| F|  |TAMS 0x0000000711400000| PB 0x0000000711400000| Untracked 
| 105|0x0000000711600000, 0x0000000711600000, 0x0000000711800000|  0%| F|  |TAMS 0x0000000711600000| PB 0x0000000711600000| Untracked 
| 106|0x0000000711800000, 0x0000000711800000, 0x0000000711a00000|  0%| F|  |TAMS 0x0000000711800000| PB 0x0000000711800000| Untracked 
| 107|0x0000000711a00000, 0x0000000711a00000, 0x0000000711c00000|  0%| F|  |TAMS 0x0000000711a00000| PB 0x0000000711a00000| Untracked 
| 108|0x0000000711c00000, 0x0000000711c00000, 0x0000000711e00000|  0%| F|  |TAMS 0x0000000711c00000| PB 0x0000000711c00000| Untracked 
| 109|0x0000000711e00000, 0x0000000711e00000, 0x0000000712000000|  0%| F|  |TAMS 0x0000000711e00000| PB 0x0000000711e00000| Untracked 
| 110|0x0000000712000000, 0x0000000712000000, 0x0000000712200000|  0%| F|  |TAMS 0x0000000712000000| PB 0x0000000712000000| Untracked 
| 111|0x0000000712200000, 0x00000007123ee378, 0x0000000712400000| 96%| S|CS|TAMS 0x0000000712200000| PB 0x0000000712200000| Complete 
| 112|0x0000000712400000, 0x0000000712400000, 0x0000000712600000|  0%| F|  |TAMS 0x0000000712400000| PB 0x0000000712400000| Untracked 
| 113|0x0000000712600000, 0x0000000712600000, 0x0000000712800000|  0%| F|  |TAMS 0x0000000712600000| PB 0x0000000712600000| Untracked 
| 114|0x0000000712800000, 0x0000000712800000, 0x0000000712a00000|  0%| F|  |TAMS 0x0000000712800000| PB 0x0000000712800000| Untracked 
| 115|0x0000000712a00000, 0x0000000712b3e730, 0x0000000712c00000| 62%| E|  |TAMS 0x0000000712a00000| PB 0x0000000712a00000| Complete 
| 116|0x0000000712c00000, 0x0000000712e00000, 0x0000000712e00000|100%| E|CS|TAMS 0x0000000712c00000| PB 0x0000000712c00000| Complete 
| 117|0x0000000712e00000, 0x0000000713000000, 0x0000000713000000|100%| E|CS|TAMS 0x0000000712e00000| PB 0x0000000712e00000| Complete 
| 118|0x0000000713000000, 0x0000000713200000, 0x0000000713200000|100%| E|CS|TAMS 0x0000000713000000| PB 0x0000000713000000| Complete 
| 119|0x0000000713200000, 0x0000000713400000, 0x0000000713400000|100%| E|CS|TAMS 0x0000000713200000| PB 0x0000000713200000| Complete 
| 120|0x0000000713400000, 0x0000000713600000, 0x0000000713600000|100%| E|CS|TAMS 0x0000000713400000| PB 0x0000000713400000| Complete 
| 121|0x0000000713600000, 0x0000000713800000, 0x0000000713800000|100%| E|CS|TAMS 0x0000000713600000| PB 0x0000000713600000| Complete 
| 122|0x0000000713800000, 0x0000000713a00000, 0x0000000713a00000|100%| E|  |TAMS 0x0000000713800000| PB 0x0000000713800000| Complete 
| 123|0x0000000713a00000, 0x0000000713c00000, 0x0000000713c00000|100%| E|CS|TAMS 0x0000000713a00000| PB 0x0000000713a00000| Complete 
| 124|0x0000000713c00000, 0x0000000713e00000, 0x0000000713e00000|100%| E|CS|TAMS 0x0000000713c00000| PB 0x0000000713c00000| Complete 
| 125|0x0000000713e00000, 0x0000000714000000, 0x0000000714000000|100%| E|CS|TAMS 0x0000000713e00000| PB 0x0000000713e00000| Complete 

Card table byte_map: [0x0000029758070000,0x0000029758850000] _byte_map_base: 0x000002975484e000

Marking Bits: (CMBitMap*) 0x0000029744a23780
 Bits: [0x0000029758850000, 0x000002975c740000)

Polling page: 0x00000297424f0000

Metaspace:

Usage:
  Non-class:     16.19 MB used.
      Class:      2.13 MB used.
       Both:     18.32 MB used.

Virtual space:
  Non-class space:       64.00 MB reserved,      16.38 MB ( 26%) committed,  1 nodes.
      Class space:        1.00 GB reserved,       2.31 MB ( <1%) committed,  1 nodes.
             Both:        1.06 GB reserved,      18.69 MB (  2%) committed. 

Chunk freelists:
   Non-Class:  15.42 MB
       Class:  13.55 MB
        Both:  28.97 MB

MaxMetaspaceSize: unlimited
CompressedClassSpaceSize: 1.00 GB
Initial GC threshold: 21.00 MB
Current GC threshold: 21.00 MB
CDS: on
 - commit_granule_bytes: 65536.
 - commit_granule_words: 8192.
 - virtual_space_node_default_size: 8388608.
 - enlarge_chunks_in_place: 1.
 - use_allocation_guard: 0.


Internal statistics:

num_allocs_failed_limit: 0.
num_arena_births: 456.
num_arena_deaths: 0.
num_vsnodes_births: 2.
num_vsnodes_deaths: 0.
num_space_committed: 300.
num_space_uncommitted: 0.
num_chunks_returned_to_freelist: 0.
num_chunks_taken_from_freelist: 985.
num_chunk_merges: 0.
num_chunk_splits: 623.
num_chunks_enlarged: 395.
num_inconsistent_stats: 0.

CodeHeap 'non-profiled nmethods': size=120000Kb used=862Kb max_used=862Kb free=119137Kb
 bounds [0x000002974fe10000, 0x0000029750080000, 0x0000029757340000]
CodeHeap 'profiled nmethods': size=120000Kb used=4191Kb max_used=4191Kb free=115808Kb
 bounds [0x0000029748340000, 0x0000029748760000, 0x000002974f870000]
CodeHeap 'non-nmethods': size=5760Kb used=1690Kb max_used=1704Kb free=4069Kb
 bounds [0x000002974f870000, 0x000002974fae0000, 0x000002974fe10000]
 total_blobs=2815 nmethods=2228 adapters=491
 compilation: enabled
              stopped_count=0, restarted_count=0
 full_count=0

Compilation events (20 events):
Event: 5.664 Thread 0x000002975f3e66c0 2216       3       java.lang.invoke.MemberName$Factory::resolveOrNull (54 bytes)
Event: 5.665 Thread 0x000002975f3e66c0 nmethod 2216 0x0000029748752810 code [0x00000297487529e0, 0x0000029748752c80]
Event: 5.666 Thread 0x000002975f3e66c0 2217       3       jdk.internal.misc.Unsafe::getLongUnaligned (12 bytes)
Event: 5.667 Thread 0x000002975f3e66c0 nmethod 2217 0x0000029748752d90 code [0x0000029748752f40, 0x0000029748753120]
Event: 5.667 Thread 0x000002975f3e66c0 2218       3       jdk.internal.misc.Unsafe::convEndian (16 bytes)
Event: 5.667 Thread 0x000002975f3e66c0 nmethod 2218 0x0000029748753210 code [0x00000297487533c0, 0x0000029748753528]
Event: 5.667 Thread 0x000002975f3e66c0 2219       1       jdk.internal.jimage.decompressor.CompressedResourceHeader::getDecompressorNameOffset (5 bytes)
Event: 5.667 Thread 0x000002975f3e66c0 nmethod 2219 0x000002974fee6990 code [0x000002974fee6b20, 0x000002974fee6be8]
Event: 5.668 Thread 0x000002975f3e66c0 2221       3       jdk.internal.misc.Unsafe::checkOffset (32 bytes)
Event: 5.668 Thread 0x000002975f3e66c0 nmethod 2221 0x0000029748753610 code [0x00000297487537c0, 0x0000029748753a30]
Event: 5.668 Thread 0x000002975f3e66c0 2220       1       java.nio.DirectByteBufferR::base (2 bytes)
Event: 5.668 Thread 0x000002975f3e66c0 nmethod 2220 0x000002974fee6c90 code [0x000002974fee6e20, 0x000002974fee6ef0]
Event: 5.668 Thread 0x000002975f3e66c0 2222       1       java.util.AbstractMap$SimpleEntry::getValue (5 bytes)
Event: 5.668 Thread 0x000002975f3e66c0 nmethod 2222 0x000002974fee6f90 code [0x000002974fee7120, 0x000002974fee71f0]
Event: 5.668 Thread 0x000002975f3e66c0 2223       1       jdk.internal.jimage.decompressor.CompressedResourceHeader::getUncompressedSize (5 bytes)
Event: 5.668 Thread 0x000002975f3e66c0 nmethod 2223 0x000002974fee7290 code [0x000002974fee7420, 0x000002974fee74e8]
Event: 5.670 Thread 0x000002975f3e66c0 2224       1       jdk.internal.loader.BuiltinClassLoader$LoadedModule::mref (5 bytes)
Event: 5.670 Thread 0x000002975f3e66c0 nmethod 2224 0x000002974fee7590 code [0x000002974fee7720, 0x000002974fee77f0]
Event: 5.670 Thread 0x000002975f3e66c0 2225       1       java.nio.HeapByteBuffer::isDirect (2 bytes)
Event: 5.670 Thread 0x000002975f3e66c0 nmethod 2225 0x000002974fee7890 code [0x000002974fee7a20, 0x000002974fee7ae8]

GC Heap History (4 events):
Event: 4.723 GC heap before
{Heap before GC invocations=0 (full 0):
 garbage-first heap   total 258048K, used 20480K [0x0000000704400000, 0x0000000800000000)
  region size 2048K, 11 young (22528K), 0 survivors (0K)
 Metaspace       used 6225K, committed 6400K, reserved 1114112K
  class space    used 608K, committed 704K, reserved 1048576K
}
Event: 4.729 GC heap after
{Heap after GC invocations=1 (full 0):
 garbage-first heap   total 258048K, used 7705K [0x0000000704400000, 0x0000000800000000)
  region size 2048K, 2 young (4096K), 2 survivors (4096K)
 Metaspace       used 6225K, committed 6400K, reserved 1114112K
  class space    used 608K, committed 704K, reserved 1048576K
}
Event: 5.258 GC heap before
{Heap before GC invocations=1 (full 0):
 garbage-first heap   total 258048K, used 30233K [0x0000000704400000, 0x0000000800000000)
  region size 2048K, 14 young (28672K), 2 survivors (4096K)
 Metaspace       used 12212K, committed 12544K, reserved 1114112K
  class space    used 1396K, committed 1536K, reserved 1048576K
}
Event: 5.263 GC heap after
{Heap after GC invocations=2 (full 0):
 garbage-first heap   total 258048K, used 9651K [0x0000000704400000, 0x0000000800000000)
  region size 2048K, 1 young (2048K), 1 survivors (2048K)
 Metaspace       used 12212K, committed 12544K, reserved 1114112K
  class space    used 1396K, committed 1536K, reserved 1048576K
}

Dll operation events (8 events):
Event: 0.012 Loaded shared library C:\Users\ksman\.p2\pool\plugins\org.eclipse.justj.openjdk.hotspot.jre.full.win32.x86_64_21.0.6.v20250130-0529\jre\bin\java.dll
Event: 0.049 Loaded shared library C:\Users\ksman\.p2\pool\plugins\org.eclipse.justj.openjdk.hotspot.jre.full.win32.x86_64_21.0.6.v20250130-0529\jre\bin\zip.dll
Event: 0.133 Loaded shared library C:\Users\ksman\.p2\pool\plugins\org.eclipse.justj.openjdk.hotspot.jre.full.win32.x86_64_21.0.6.v20250130-0529\jre\bin\net.dll
Event: 0.136 Loaded shared library C:\Users\ksman\.p2\pool\plugins\org.eclipse.justj.openjdk.hotspot.jre.full.win32.x86_64_21.0.6.v20250130-0529\jre\bin\nio.dll
Event: 0.141 Loaded shared library C:\Users\ksman\.p2\pool\plugins\org.eclipse.justj.openjdk.hotspot.jre.full.win32.x86_64_21.0.6.v20250130-0529\jre\bin\zip.dll
Event: 0.311 Loaded shared library C:\Users\ksman\.p2\pool\plugins\org.eclipse.justj.openjdk.hotspot.jre.full.win32.x86_64_21.0.6.v20250130-0529\jre\bin\jimage.dll
Event: 0.492 Loaded shared library C:\Users\ksman\.p2\pool\plugins\org.eclipse.justj.openjdk.hotspot.jre.full.win32.x86_64_21.0.6.v20250130-0529\jre\bin\extnet.dll
Event: 5.366 Loaded shared library C:\Users\ksman\.p2\pool\plugins\org.eclipse.justj.openjdk.hotspot.jre.full.win32.x86_64_21.0.6.v20250130-0529\jre\bin\sunmscapi.dll

Deoptimization events (20 events):
Event: 5.480 Thread 0x00000297449c15a0 DEOPT PACKING pc=0x00000297486b570b sp=0x000000d369dfc1d0
Event: 5.480 Thread 0x00000297449c15a0 DEOPT UNPACKING pc=0x000002974f8c88e2 sp=0x000000d369dfb648 mode 0
Event: 5.481 Thread 0x00000297449c15a0 DEOPT PACKING pc=0x00000297486b570b sp=0x000000d369dfc1d0
Event: 5.481 Thread 0x00000297449c15a0 DEOPT UNPACKING pc=0x000002974f8c88e2 sp=0x000000d369dfb648 mode 0
Event: 5.532 Thread 0x00000297449c15a0 Uncommon trap: trap_request=0xffffff45 fr.pc=0x000002974fecca14 relative=0x0000000000000234
Event: 5.532 Thread 0x00000297449c15a0 Uncommon trap: reason=unstable_if action=reinterpret pc=0x000002974fecca14 method=java.util.HashMap.putVal(ILjava/lang/Object;Ljava/lang/Object;ZZ)Ljava/lang/Object; @ 162 c2
Event: 5.532 Thread 0x00000297449c15a0 DEOPT PACKING pc=0x000002974fecca14 sp=0x000000d369dfb5d0
Event: 5.532 Thread 0x00000297449c15a0 DEOPT UNPACKING pc=0x000002974f8c7da2 sp=0x000000d369dfb4f8 mode 2
Event: 5.547 Thread 0x00000297449c15a0 Uncommon trap: trap_request=0xffffff3d fr.pc=0x000002974fec0dbc relative=0x000000000000027c
Event: 5.547 Thread 0x00000297449c15a0 Uncommon trap: reason=unstable_fused_if action=reinterpret pc=0x000002974fec0dbc method=java.lang.CharacterDataLatin1.equalsIgnoreCase(BB)Z @ 16 c2
Event: 5.547 Thread 0x00000297449c15a0 DEOPT PACKING pc=0x000002974fec0dbc sp=0x000000d369dfc360
Event: 5.547 Thread 0x00000297449c15a0 DEOPT UNPACKING pc=0x000002974f8c7da2 sp=0x000000d369dfc1b8 mode 2
Event: 5.561 Thread 0x00000297449c15a0 Uncommon trap: trap_request=0xffffff45 fr.pc=0x000002974fe87218 relative=0x0000000000000a18
Event: 5.561 Thread 0x00000297449c15a0 Uncommon trap: reason=unstable_if action=reinterpret pc=0x000002974fe87218 method=java.lang.Integer.stringSize(I)I @ 19 c2
Event: 5.562 Thread 0x00000297449c15a0 DEOPT PACKING pc=0x000002974fe87218 sp=0x000000d369dfd7d0
Event: 5.562 Thread 0x00000297449c15a0 DEOPT UNPACKING pc=0x000002974f8c7da2 sp=0x000000d369dfd728 mode 2
Event: 5.571 Thread 0x00000297449c15a0 Uncommon trap: trap_request=0xffffff45 fr.pc=0x000002974fe93f98 relative=0x00000000000016d8
Event: 5.571 Thread 0x00000297449c15a0 Uncommon trap: reason=unstable_if action=reinterpret pc=0x000002974fe93f98 method=java.util.concurrent.ConcurrentHashMap.transfer([Ljava/util/concurrent/ConcurrentHashMap$Node;[Ljava/util/concurrent/ConcurrentHashMap$Node;)V @ 26 c2
Event: 5.571 Thread 0x00000297449c15a0 DEOPT PACKING pc=0x000002974fe93f98 sp=0x000000d369df9b00
Event: 5.571 Thread 0x00000297449c15a0 DEOPT UNPACKING pc=0x000002974f8c7da2 sp=0x000000d369df9a70 mode 2

Classes loaded (20 events):
Event: 5.641 Loading class java/util/stream/ReduceOps$5
Event: 5.641 Loading class java/util/stream/ReduceOps$5 done
Event: 5.641 Loading class java/util/stream/ReduceOps$CountingSink$OfRef
Event: 5.641 Loading class java/util/stream/ReduceOps$CountingSink
Event: 5.641 Loading class java/util/stream/ReduceOps$CountingSink done
Event: 5.641 Loading class java/util/stream/ReduceOps$CountingSink$OfRef done
Event: 5.645 Loading class java/util/stream/ReferencePipeline$15
Event: 5.645 Loading class java/util/stream/ReferencePipeline$15 done
Event: 5.646 Loading class java/util/stream/ReferencePipeline$15$1
Event: 5.646 Loading class java/util/stream/ReferencePipeline$15$1 done
Event: 5.647 Loading class java/util/Comparators$NaturalOrderComparator
Event: 5.647 Loading class java/util/Comparators$NaturalOrderComparator done
Event: 5.647 Loading class java/util/stream/SortedOps$RefSortingSink
Event: 5.647 Loading class java/util/stream/SortedOps$RefSortingSink done
Event: 5.669 Loading class java/util/Base64
Event: 5.669 Loading class java/util/Base64 done
Event: 5.669 Loading class java/util/Base64$Encoder
Event: 5.669 Loading class java/util/Base64$Encoder done
Event: 5.670 Loading class java/lang/MatchException
Event: 5.670 Loading class java/lang/MatchException done

Classes unloaded (0 events):
No events

Classes redefined (0 events):
No events

Internal exceptions (20 events):
Event: 5.339 Thread 0x00000297449c15a0 Exception <a 'java/lang/NoSuchMethodError'{0x0000000713dd0700}: 'java.lang.Object java.lang.invoke.Invokers$Holder.invoke_MT(java.lang.Object, java.lang.Object, java.lang.Object, java.lang.Object, java.lang.Object, java.lang.Object, java.lang.Object, java.lang.Object, java.lang.Object, java.lang.Object)'> (0x0000000713dd0700) 
thrown [s\src\hotspot\share\interpreter\linkResolver.cpp, line 773]
Event: 5.341 Thread 0x00000297449c15a0 Exception <a 'java/lang/NoSuchMethodError'{0x0000000713de4348}: 'void java.lang.invoke.DelegatingMethodHandle$Holder.delegate(java.lang.Object, java.lang.Object, int, java.lang.Object)'> (0x0000000713de4348) 
thrown [s\src\hotspot\share\interpreter\linkResolver.cpp, line 773]
Event: 5.343 Thread 0x00000297449c15a0 Exception <a 'java/lang/NoSuchMethodError'{0x0000000713a02760}: 'int java.lang.invoke.DirectMethodHandle$Holder.invokeStaticInit(java.lang.Object, int, int)'> (0x0000000713a02760) 
thrown [s\src\hotspot\share\interpreter\linkResolver.cpp, line 773]
Event: 5.344 Thread 0x00000297449c15a0 Exception <a 'java/lang/NoSuchMethodError'{0x0000000713a09c58}: 'int java.lang.invoke.DirectMethodHandle$Holder.invokeStaticInit(java.lang.Object, long, long)'> (0x0000000713a09c58) 
thrown [s\src\hotspot\share\interpreter\linkResolver.cpp, line 773]
Event: 5.344 Thread 0x00000297449c15a0 Exception <a 'java/lang/NoSuchMethodError'{0x0000000713a106f0}: 'int java.lang.invoke.DirectMethodHandle$Holder.invokeStaticInit(java.lang.Object, float, float)'> (0x0000000713a106f0) 
thrown [s\src\hotspot\share\interpreter\linkResolver.cpp, line 773]
Event: 5.345 Thread 0x00000297449c15a0 Exception <a 'java/lang/NoSuchMethodError'{0x0000000713a17180}: 'int java.lang.invoke.DirectMethodHandle$Holder.invokeStaticInit(java.lang.Object, double, double)'> (0x0000000713a17180) 
thrown [s\src\hotspot\share\interpreter\linkResolver.cpp, line 773]
Event: 5.345 Thread 0x00000297449c15a0 Exception <a 'java/lang/NoSuchMethodError'{0x0000000713a1b720}: 'int java.lang.invoke.DirectMethodHandle$Holder.invokeStatic(java.lang.Object, long)'> (0x0000000713a1b720) 
thrown [s\src\hotspot\share\interpreter\linkResolver.cpp, line 773]
Event: 5.346 Thread 0x00000297449c15a0 Exception <a 'java/lang/NoSuchMethodError'{0x0000000713a2f7e8}: 'int java.lang.invoke.DirectMethodHandle$Holder.invokeSpecial(java.lang.Object, java.lang.Object, java.lang.Object, java.lang.Object)'> (0x0000000713a2f7e8) 
thrown [s\src\hotspot\share\interpreter\linkResolver.cpp, line 773]
Event: 5.347 Thread 0x00000297449c15a0 Exception <a 'java/lang/NoSuchMethodError'{0x0000000713a40768}: 'java.lang.Object java.lang.invoke.DirectMethodHandle$Holder.invokeStatic(java.lang.Object, int, java.lang.Object, java.lang.Object)'> (0x0000000713a40768) 
thrown [s\src\hotspot\share\interpreter\linkResolver.cpp, line 773]
Event: 5.347 Thread 0x00000297449c15a0 Exception <a 'java/lang/NoSuchMethodError'{0x0000000713a444c8}: 'java.lang.Object java.lang.invoke.DirectMethodHandle$Holder.invokeSpecial(java.lang.Object, java.lang.Object, int, java.lang.Object, java.lang.Object)'> (0x0000000713a444c8) 
thrown [s\src\hotspot\share\interpreter\linkResolver.cpp, line 773]
Event: 5.348 Thread 0x00000297449c15a0 Exception <a 'java/lang/NoSuchMethodError'{0x0000000713a47f18}: 'java.lang.Object java.lang.invoke.DelegatingMethodHandle$Holder.delegate(java.lang.Object, int, java.lang.Object, java.lang.Object)'> (0x0000000713a47f18) 
thrown [s\src\hotspot\share\interpreter\linkResolver.cpp, line 773]
Event: 5.349 Thread 0x00000297449c15a0 Exception <a 'java/lang/NoSuchMethodError'{0x0000000713a57428}: 'int java.lang.invoke.Invokers$Holder.linkToTargetMethod(java.lang.Object, java.lang.Object, java.lang.Object)'> (0x0000000713a57428) 
thrown [s\src\hotspot\share\interpreter\linkResolver.cpp, line 773]
Event: 5.352 Thread 0x00000297449c15a0 Exception <a 'java/lang/NoSuchMethodError'{0x0000000713a8a590}: 'long java.lang.invoke.DirectMethodHandle$Holder.invokeSpecial(java.lang.Object, java.lang.Object)'> (0x0000000713a8a590) 
thrown [s\src\hotspot\share\interpreter\linkResolver.cpp, line 773]
Event: 5.396 Thread 0x00000297449c15a0 Exception <a 'sun/nio/fs/WindowsException'{0x000000071380fb48}> (0x000000071380fb48) 
thrown [s\src\hotspot\share\prims\jni.cpp, line 520]
Event: 5.597 Thread 0x00000297449c15a0 Exception <a 'java/lang/NoSuchMethodError'{0x0000000712e8f868}: 'double java.lang.invoke.DirectMethodHandle$Holder.invokeVirtual(java.lang.Object, java.lang.Object)'> (0x0000000712e8f868) 
thrown [s\src\hotspot\share\interpreter\linkResolver.cpp, line 773]
Event: 5.597 Thread 0x00000297449c15a0 Exception <a 'java/lang/NoSuchMethodError'{0x0000000712e95a58}: 'float java.lang.invoke.DirectMethodHandle$Holder.invokeVirtual(java.lang.Object, java.lang.Object)'> (0x0000000712e95a58) 
thrown [s\src\hotspot\share\interpreter\linkResolver.cpp, line 773]
Event: 5.598 Thread 0x00000297449c15a0 Exception <a 'java/lang/NoSuchMethodError'{0x0000000712e9ddc8}: 'long java.lang.invoke.DirectMethodHandle$Holder.invokeVirtual(java.lang.Object, java.lang.Object)'> (0x0000000712e9ddc8) 
thrown [s\src\hotspot\share\interpreter\linkResolver.cpp, line 773]
Event: 5.624 Thread 0x00000297449c15a0 Exception <a 'java/lang/NoSuchMethodError'{0x0000000712f86818}: 'java.lang.Object java.lang.invoke.DirectMethodHandle$Holder.newInvokeSpecial(java.lang.Object, java.lang.Object, int, int)'> (0x0000000712f86818) 
thrown [s\src\hotspot\share\interpreter\linkResolver.cpp, line 773]
Event: 5.626 Thread 0x00000297449c15a0 Exception <a 'java/lang/NoSuchMethodError'{0x0000000712f91248}: 'void java.lang.invoke.DirectMethodHandle$Holder.invokeStatic(java.lang.Object, java.lang.Object, int)'> (0x0000000712f91248) 
thrown [s\src\hotspot\share\interpreter\linkResolver.cpp, line 773]
Event: 5.654 Thread 0x00000297449c15a0 Exception <a 'java/lang/NoSuchMethodError'{0x0000000712c758f8}: 'java.lang.Object java.lang.invoke.Invokers$Holder.invokeExact_MT(java.lang.Object, java.lang.Object, java.lang.Object, java.lang.Object, java.lang.Object)'> (0x0000000712c758f8) 
thrown [s\src\hotspot\share\interpreter\linkResolver.cpp, line 773]

ZGC Phase Switch (0 events):
No events

VM Operations (20 events):
Event: 4.729 Executing VM operation: G1CollectForAllocation (G1 Evacuation Pause) done
Event: 4.915 Executing VM operation: HandshakeAllThreads (Deoptimize)
Event: 4.915 Executing VM operation: HandshakeAllThreads (Deoptimize) done
Event: 4.915 Executing VM operation: HandshakeAllThreads (Deoptimize)
Event: 4.915 Executing VM operation: HandshakeAllThreads (Deoptimize) done
Event: 4.920 Executing VM operation: HandshakeAllThreads (Deoptimize)
Event: 4.920 Executing VM operation: HandshakeAllThreads (Deoptimize) done
Event: 5.179 Executing VM operation: HandshakeAllThreads (Deoptimize)
Event: 5.179 Executing VM operation: HandshakeAllThreads (Deoptimize) done
Event: 5.258 Executing VM operation: G1CollectForAllocation (G1 Evacuation Pause)
Event: 5.263 Executing VM operation: G1CollectForAllocation (G1 Evacuation Pause) done
Event: 5.340 Executing VM operation: HandshakeAllThreads (Deoptimize)
Event: 5.340 Executing VM operation: HandshakeAllThreads (Deoptimize) done
Event: 5.369 Executing VM operation: HandshakeAllThreads (Deoptimize)
Event: 5.369 Executing VM operation: HandshakeAllThreads (Deoptimize) done
Event: 5.397 Executing VM operation: HandshakeAllThreads (Deoptimize)
Event: 5.397 Executing VM operation: HandshakeAllThreads (Deoptimize) done
Event: 5.443 Executing VM operation: HandshakeAllThreads (Deoptimize)
Event: 5.443 Executing VM operation: HandshakeAllThreads (Deoptimize) done
Event: 6.448 Executing VM operation: Cleanup

Memory protections (0 events):
No events

Nmethod flushes (0 events):
No events

Events (17 events):
Event: 0.036 Thread 0x00000297449c15a0 Thread added: 0x00000297449c15a0
Event: 0.050 Thread 0x00000297449c15a0 Thread added: 0x000002975f3c9d40
Event: 0.050 Thread 0x00000297449c15a0 Thread added: 0x000002975f3ca790
Event: 0.051 Thread 0x00000297449c15a0 Thread added: 0x000002975f3cba00
Event: 0.051 Thread 0x00000297449c15a0 Thread added: 0x000002975f3ce670
Event: 0.051 Thread 0x00000297449c15a0 Thread added: 0x000002975f3cf600
Event: 0.051 Thread 0x00000297449c15a0 Thread added: 0x000002975f3d1c70
Event: 0.051 Thread 0x00000297449c15a0 Thread added: 0x000002975f3e1b30
Event: 0.051 Thread 0x00000297449c15a0 Thread added: 0x000002975f3e66c0
Event: 0.127 Thread 0x00000297449c15a0 Thread added: 0x000002975f543600
Event: 0.129 Thread 0x00000297449c15a0 Thread added: 0x000002975f5598f0
Event: 0.167 Thread 0x000002975f3e1b30 Thread added: 0x000002975f3e5920
Event: 4.508 Thread 0x000002975f3e5920 Thread exited: 0x000002975f3e5920
Event: 4.508 Thread 0x00000297449c15a0 Thread added: 0x000002975fd08f00
Event: 4.646 Thread 0x000002975f3e1b30 Thread added: 0x000002975f3e44b0
Event: 5.290 Thread 0x00000297449c15a0 Thread added: 0x000002975f493030
Event: 5.568 Thread 0x00000297449c15a0 Thread added: 0x0000029764a58120


Dynamic libraries:
0x00007ff7c0500000 - 0x00007ff7c050e000 	C:\Users\ksman\.p2\pool\plugins\org.eclipse.justj.openjdk.hotspot.jre.full.win32.x86_64_21.0.6.v20250130-0529\jre\bin\javaw.exe
0x00007ff983ba0000 - 0x00007ff983e06000 	C:\WINDOWS\SYSTEM32\ntdll.dll
0x00007ff982420000 - 0x00007ff9824e9000 	C:\WINDOWS\System32\KERNEL32.DLL
0x00007ff981230000 - 0x00007ff98162a000 	C:\WINDOWS\System32\KERNELBASE.dll
0x00007ff980f60000 - 0x00007ff9810ac000 	C:\WINDOWS\System32\ucrtbase.dll
0x00007ff96db10000 - 0x00007ff96db28000 	C:\Users\ksman\.p2\pool\plugins\org.eclipse.justj.openjdk.hotspot.jre.full.win32.x86_64_21.0.6.v20250130-0529\jre\bin\jli.dll
0x00007ff96db30000 - 0x00007ff96db4e000 	C:\Users\ksman\.p2\pool\plugins\org.eclipse.justj.openjdk.hotspot.jre.full.win32.x86_64_21.0.6.v20250130-0529\jre\bin\VCRUNTIME140.dll
0x00007ff981910000 - 0x00007ff981ad7000 	C:\WINDOWS\System32\USER32.dll
0x00007ff981850000 - 0x00007ff981877000 	C:\WINDOWS\System32\win32u.dll
0x00007ff966420000 - 0x00007ff9666b2000 	C:\WINDOWS\WinSxS\amd64_microsoft.windows.common-controls_6595b64144ccf1df_6.0.26100.8521_none_3e08b75ce33403b3\COMCTL32.dll
0x00007ff9822e0000 - 0x00007ff98230b000 	C:\WINDOWS\System32\GDI32.dll
0x00007ff983530000 - 0x00007ff9835d9000 	C:\WINDOWS\System32\msvcrt.dll
0x00007ff980e30000 - 0x00007ff980f5b000 	C:\WINDOWS\System32\gdi32full.dll
0x00007ff981630000 - 0x00007ff9816d3000 	C:\WINDOWS\System32\msvcp_win.dll
0x00007ff9821c0000 - 0x00007ff9821f2000 	C:\WINDOWS\System32\IMM32.DLL
0x00007ff96db00000 - 0x00007ff96db0c000 	C:\Users\ksman\.p2\pool\plugins\org.eclipse.justj.openjdk.hotspot.jre.full.win32.x86_64_21.0.6.v20250130-0529\jre\bin\vcruntime140_1.dll
0x00007ff966030000 - 0x00007ff9660bd000 	C:\Users\ksman\.p2\pool\plugins\org.eclipse.justj.openjdk.hotspot.jre.full.win32.x86_64_21.0.6.v20250130-0529\jre\bin\msvcp140.dll
0x00007ff8f5ce0000 - 0x00007ff8f6a70000 	C:\Users\ksman\.p2\pool\plugins\org.eclipse.justj.openjdk.hotspot.jre.full.win32.x86_64_21.0.6.v20250130-0529\jre\bin\server\jvm.dll
0x00007ff981c50000 - 0x00007ff981d06000 	C:\WINDOWS\System32\ADVAPI32.dll
0x00007ff983420000 - 0x00007ff9834ca000 	C:\WINDOWS\System32\sechost.dll
0x00007ff982990000 - 0x00007ff982aa8000 	C:\WINDOWS\System32\RPCRT4.dll
0x00007ff981bc0000 - 0x00007ff981c40000 	C:\WINDOWS\System32\WS2_32.dll
0x00007ff977710000 - 0x00007ff977746000 	C:\WINDOWS\SYSTEM32\WINMM.dll
0x00007ff980c90000 - 0x00007ff980cee000 	C:\WINDOWS\SYSTEM32\POWRPROF.dll
0x00007ff9776c0000 - 0x00007ff9776cb000 	C:\WINDOWS\SYSTEM32\VERSION.dll
0x00007ff980c70000 - 0x00007ff980c84000 	C:\WINDOWS\SYSTEM32\UMPDC.dll
0x00007ff97fbc0000 - 0x00007ff97fbdb000 	C:\WINDOWS\SYSTEM32\kernel.appcore.dll
0x00007ff97ce00000 - 0x00007ff97ce0a000 	C:\Users\ksman\.p2\pool\plugins\org.eclipse.justj.openjdk.hotspot.jre.full.win32.x86_64_21.0.6.v20250130-0529\jre\bin\jimage.dll
0x00007ff97e250000 - 0x00007ff97e492000 	C:\WINDOWS\SYSTEM32\DBGHELP.DLL
0x00007ff983670000 - 0x00007ff9839f3000 	C:\WINDOWS\System32\combase.dll
0x00007ff982200000 - 0x00007ff9822d9000 	C:\WINDOWS\System32\OLEAUT32.dll
0x00007ff95c4f0000 - 0x00007ff95c52b000 	C:\WINDOWS\SYSTEM32\dbgcore.DLL
0x00007ff9817a0000 - 0x00007ff981848000 	C:\WINDOWS\System32\bcryptPrimitives.dll
0x00007ff95d740000 - 0x00007ff95d75f000 	C:\Users\ksman\.p2\pool\plugins\org.eclipse.justj.openjdk.hotspot.jre.full.win32.x86_64_21.0.6.v20250130-0529\jre\bin\java.dll
0x00007ff982ab0000 - 0x00007ff983234000 	C:\WINDOWS\System32\SHELL32.dll
0x00007ff97e9f0000 - 0x00007ff97f270000 	C:\WINDOWS\SYSTEM32\windows.storage.dll
0x00007ff981f00000 - 0x00007ff981ff6000 	C:\WINDOWS\System32\SHCORE.dll
0x00007ff982090000 - 0x00007ff9820f7000 	C:\WINDOWS\System32\shlwapi.dll
0x00007ff980d50000 - 0x00007ff980d79000 	C:\WINDOWS\SYSTEM32\profapi.dll
0x00007ff95d560000 - 0x00007ff95d578000 	C:\Users\ksman\.p2\pool\plugins\org.eclipse.justj.openjdk.hotspot.jre.full.win32.x86_64_21.0.6.v20250130-0529\jre\bin\zip.dll
0x00007ff95e490000 - 0x00007ff95e4a0000 	C:\Users\ksman\.p2\pool\plugins\org.eclipse.justj.openjdk.hotspot.jre.full.win32.x86_64_21.0.6.v20250130-0529\jre\bin\net.dll
0x00007ff979730000 - 0x00007ff979859000 	C:\WINDOWS\SYSTEM32\WINHTTP.dll
0x00007ff980130000 - 0x00007ff98019c000 	C:\WINDOWS\system32\mswsock.dll
0x00007ff95d540000 - 0x00007ff95d556000 	C:\Users\ksman\.p2\pool\plugins\org.eclipse.justj.openjdk.hotspot.jre.full.win32.x86_64_21.0.6.v20250130-0529\jre\bin\nio.dll
0x00007ff97f690000 - 0x00007ff97f7da000 	C:\WINDOWS\SYSTEM32\DNSAPI.dll
0x00007ff97ff30000 - 0x00007ff97ff3d000 	C:\WINDOWS\SYSTEM32\DSPARSE.dll
0x00007ff97f650000 - 0x00007ff97f683000 	C:\WINDOWS\SYSTEM32\IPHLPAPI.DLL
0x00007ff982310000 - 0x00007ff98231a000 	C:\WINDOWS\System32\NSI.dll
0x00007ff977700000 - 0x00007ff97770b000 	C:\Windows\System32\rasadhlp.dll
0x00007ff97b280000 - 0x00007ff97b306000 	C:\WINDOWS\System32\fwpuclnt.dll
0x00007ff9590f0000 - 0x00007ff9590f9000 	C:\Users\ksman\.p2\pool\plugins\org.eclipse.justj.openjdk.hotspot.jre.full.win32.x86_64_21.0.6.v20250130-0529\jre\bin\extnet.dll
0x00007ff980420000 - 0x00007ff98043b000 	C:\WINDOWS\SYSTEM32\CRYPTSP.dll
0x00007ff97fb20000 - 0x00007ff97fb59000 	C:\WINDOWS\system32\rsaenh.dll
0x00007ff9801e0000 - 0x00007ff980213000 	C:\WINDOWS\SYSTEM32\USERENV.dll
0x00007ff980d20000 - 0x00007ff980d4a000 	C:\WINDOWS\SYSTEM32\bcrypt.dll
0x00007ff980410000 - 0x00007ff98041c000 	C:\WINDOWS\SYSTEM32\CRYPTBASE.dll
0x00007ff95d4d0000 - 0x00007ff95d4de000 	C:\Users\ksman\.p2\pool\plugins\org.eclipse.justj.openjdk.hotspot.jre.full.win32.x86_64_21.0.6.v20250130-0529\jre\bin\sunmscapi.dll
0x00007ff9810b0000 - 0x00007ff981228000 	C:\WINDOWS\System32\CRYPT32.dll
0x00007ff980630000 - 0x00007ff980660000 	C:\WINDOWS\SYSTEM32\ncrypt.dll
0x00007ff9805e0000 - 0x00007ff98061f000 	C:\WINDOWS\SYSTEM32\NTASN1.dll
0x00007ff94f330000 - 0x00007ff94f338000 	C:\WINDOWS\system32\wshunix.dll

dbghelp: loaded successfully - version: 4.0.5 - missing functions: none
symbol engine: initialized successfully - sym options: 0x614 - pdb path: .;C:\Users\ksman\.p2\pool\plugins\org.eclipse.justj.openjdk.hotspot.jre.full.win32.x86_64_21.0.6.v20250130-0529\jre\bin;C:\WINDOWS\SYSTEM32;C:\WINDOWS\WinSxS\amd64_microsoft.windows.common-controls_6595b64144ccf1df_6.0.26100.8521_none_3e08b75ce33403b3;C:\Users\ksman\.p2\pool\plugins\org.eclipse.justj.openjdk.hotspot.jre.full.win32.x86_64_21.0.6.v20250130-0529\jre\bin\server

VM Arguments:
jvm_args: -ea -Dallure.results.directory=target/allure-results -Dfile.encoding=UTF-8 -Dstdout.encoding=UTF-8 -Dstderr.encoding=UTF-8 -XX:+ShowCodeDetailsInExceptionMessages 
java_command: org.testng.remote.RemoteTestNG -serport 53438 -protocol json -d C:\Users\ksman\OneDrive\Desktop\SMART_HOSPITAL_SYSTEM\Smart_Hospital_Project\android_learn\test-output C:\Users\ksman\AppData\Local\Temp\testng-eclipse-728070788\testng-customsuite.xml
java_class_path (initial): C:\Users\ksman\eclipse\java-2025-033\eclipse\configuration\org.eclipse.osgi\582\0\.cp\lib\testng-remote.jar;C:\Users\ksman\OneDrive\Desktop\SMART_HOSPITAL_SYSTEM\Smart_Hospital_Project\android_learn\target\test-classes;C:\Users\ksman\OneDrive\Desktop\SMART_HOSPITAL_SYSTEM\Smart_Hospital_Project\android_learn\target\classes;C:\Users\ksman\.m2\repository\org\seleniumhq\selenium\selenium-java\4.21.0\selenium-java-4.21.0.jar;C:\Users\ksman\.m2\repository\org\seleniumhq\selenium\selenium-api\4.21.0\selenium-api-4.21.0.jar;C:\Users\ksman\.m2\repository\org\seleniumhq\selenium\selenium-chrome-driver\4.21.0\selenium-chrome-driver-4.21.0.jar;C:\Users\ksman\.m2\repository\com\google\auto\service\auto-service-annotations\1.1.1\auto-service-annotations-1.1.1.jar;C:\Users\ksman\.m2\repository\org\seleniumhq\selenium\selenium-chromium-driver\4.21.0\selenium-chromium-driver-4.21.0.jar;C:\Users\ksman\.m2\repository\org\seleniumhq\selenium\selenium-json\4.21.0\selenium-json-4.21.0.jar;C:\Users\ksman\.m2\repository\org\seleniumhq\selenium\selenium-manager\4.21.0\selenium-manager-4.21.0.jar;C:\Users\ksman\.m2\repository\org\seleniumhq\selenium\selenium-devtools-v123\4.21.0\selenium-devtools-v123-4.21.0.jar;C:\Users\ksman\.m2\repository\org\seleniumhq\selenium\selenium-devtools-v124\4.21.0\selenium-devtools-v124-4.21.0.jar;C:\Users\ksman\.m2\repository\org\seleniumhq\selenium\selenium-devtools-v125\4.21.0\selenium-devtools-v125-4.21.0.jar;C:\Users\ksman\.m2\repository\org\seleniumhq\selenium\selenium-devtools-v85\4.21.0\selenium-devtools-v85-4.21.0.jar;C:\Users\ksman\.m2\repository\org\seleniumhq\selenium\selenium-edge-driver\4.21.0\selenium-edge-driver-4.21.0.jar;C:\Users\ksman\.m2\repository\org\seleniumhq\selenium\selenium-firefox-driver\4.21.0\selenium-firefox-driver-4.21.0.jar;C:\Users\ksman\.m2\repository\org\seleniumhq\selenium\selenium-http\4.21.0\selenium-http-4.21.0.jar;C:\Users\ksman\.m2\repository\dev\failsafe\failsafe\3.3.2\failsafe-3.3.2.jar;C:\Users\ksman\.m2\repository\org\seleniumhq\selenium\selenium-ie-driver\4.21.0\selenium-ie-driver-4.21.0.jar;C:\Users\ksman\.m2\repository\org\seleniumhq\selenium\selenium-remote-driver\4.21.0\selenium-remote-driver-4.21.0.jar;C:\Users\ksman\.m2\repository\com\google\guava\guava\33.2.0-jre\guava-33.2.0-jre.jar;C:\Users\ksman\.m2\repository\com\google\guava\failureaccess\1.0.2\failureaccess-1.0.2.jar;C:\Users\ksman\.m2\repository\com\google\guava\listenablefuture\9999.0-empty-to-avoid-conflict-with-guava\listenablefuture-9999.0-empty-to-avoid-conflict-with-guava.jar;C:\Users\ksman\.m2\repository\com\google\code\findbugs\jsr305\3.0.2\jsr305-3.0.2.jar;C:\Users\ksman\.m2\repository\org\checkerframework\checker-qual\3.42.0\checker-qual-3.42.0.jar;C:\Users\ksman\.m2\repository\com\google\errorprone\error_prone_annotations\2.26.1\error_prone_annotations-2.26.1.jar;C:\Users\ksman\.m2\repository\com\google\j2objc\j2objc-annotations\3.0.0\j2objc-annotations-3.0.0.jar;C:\Users\ksman\.m2\repository\io\opentelemetry\semconv\opentelemetry-semconv\1.25.0-alpha\opentelemetry-semconv-1.25.0-alpha.jar;C:\Users\ksman\.m2\repository\io\opentelemetry\opentelemetry-api\1.38.0\opentelemetry-api-1.38.0.jar;C:\Users\ksman\.m2\repository\io\opentelemetry\opentelemetry-context\1.38.0\opentelemetry-context-1.38.0.jar;C:\Users\ksman\.m2\repository\io\opentelemetry\opentelemetry-exporter-logging\1.38.0\opentelemetry-exporter-logging-1.38.0.jar;C:\Users\ksman\.m2\repository\io\opentelemetry\opentelemetry-sdk-common\1.38.0\opentelemetry-sdk-common-1.38.0.jar;C:\Users\ksman\.m2\repository\io\opentelemetry\opentelemetry-sdk-extension-autoconfigure-spi\1.38.0\opentelemetry-sdk-extension-autoconfigure-spi-1.38.0.jar;C:\Users\ksman\.m2\repository\io\opentelemetry\opentelemetry-sdk-extension-autoconfigure\1.38.0\opentelemetry-sdk-extension-autoconfigure-1.38.0.jar;C:\Users\ksman\.m2\repository\io\opentelemetry\opentelemetry-api-incubator\1.38.0-alpha\opentelemetry-api-incubator-1.38.0-alpha.jar;C:\Users\ksman\.m2\repository\io\opentelemetry\opentelemetry-sdk-trace\1.38.0\opentelemetry-sdk-trace-1.38.0.jar;C:\Users\ksman\.m2\repository\io\opentelemetry\opentelemetry-sdk\1.38.0\opentelemetry-sdk-1.38.0.jar;C:\Users\ksman\.m2\repository\io\opentelemetry\opentelemetry-sdk-metrics\1.38.0\opentelemetry-sdk-metrics-1.38.0.jar;C:\Users\ksman\.m2\repository\io\opentelemetry\opentelemetry-sdk-logs\1.38.0\opentelemetry-sdk-logs-1.38.0.jar;C:\Users\ksman\.m2\repository\net\bytebuddy\byte-buddy\1.14.15\byte-buddy-1.14.15.jar;C:\Users\ksman\.m2\repository\org\seleniumhq\selenium\selenium-os\4.21.0\selenium-os-4.21.0.jar;C:\Users\ksman\.m2\repository\org\apache\commons\commons-exec\1.4.0\commons-exec-1.4.0.jar;C:\Users\ksman\.m2\repository\org\seleniumhq\selenium\selenium-safari-driver\4.21.0\selenium-safari-driver-4.21.0.jar;C:\Users\ksman\.m2\repository\org\seleniumhq\selenium\selenium-support\4.21.0\selenium-support-4.21.0.jar;C:\Users\ksman\.m2\repository\io\appium\java-client\9.2.2\java-client-9.2.2.jar;C:\Users\ksman\.m2\repository\com\google\code\gson\gson\2.10.1\gson-2.10.1.jar;C:\Users\ksman\.m2\repository\org\slf4j\slf4j-api\2.0.12\slf4j-api-2.0.12.jar;C:\Users\ksman\.m2\repository\org\testng\testng\7.9.0\testng-7.9.0.jar;C:\Users\ksman\.m2\repository\com\beust\jcommander\1.82\jcommander-1.82.jar;C:\Users\ksman\.m2\repository\org\webjars\jquery\3.7.1\jquery-3.7.1.jar;C:\Users\ksman\.m2\repository\io\rest-assured\rest-assured\5.5.6\rest-assured-5.5.6.jar;C:\Users\ksman\.m2\repository\org\apache\groovy\groovy\4.0.22\groovy-4.0.22.jar;C:\Users\ksman\.m2\repository\org\apache\groovy\groovy-xml\4.0.22\groovy-xml-4.0.22.jar;C:\Users\ksman\.m2\repository\org\apache\httpcomponents\httpclient\4.5.13\httpclient-4.5.13.jar;C:\Users\ksman\.m2\repository\org\apache\httpcomponents\httpcore\4.4.13\httpcore-4.4.13.jar;C:\Users\ksman\.m2\repository\commons-logging\commons-logging\1.2\commons-logging-1.2.jar;C:\Users\ksman\.m2\repository\commons-codec\commons-codec\1.11\commons-codec-1.11.jar;C:\Users\ksman\.m2\repository\org\apache\httpcomponents\httpmime\4.5.13\httpmime-4.5.13.jar;C:\Users\ksman\.m2\repository\org\hamcrest\hamcrest\2.2\hamcrest-2.2.jar;C:\Users\ksman\.m2\repository\org\ccil\cowan\tagsoup\tagsoup\1.2.1\tagsoup-1.2.1.jar;C:\Users\ksman\.m2\repository\io\rest-assured\json-path\5.5.6\json-path-5.5.6.jar;C:\Users\ksman\.m2\repository\org\apache\groovy\groovy-json\4.0.22\groovy-json-4.0.22.jar;C:\Users\ksman\.m2\repository\io\rest-assured\rest-assured-common\5.5.6\rest-assured-common-5.5.6.jar;C:\Users\ksman\.m2\repository\io\rest-assured\xml-path\5.5.6\xml-path-5.5.6.jar;C:\Users\ksman\.m2\repository\org\json\json\20250517\json-20250517.jar;C:\Users\ksman\.m2\repository\io\github\bonigarcia\webdrivermanager\5.9.2\webdrivermanager-5.9.2.jar;C:\Users\ksman\.m2\repository\com\github\docker-java\docker-java\3.4.0\docker-java-3.4.0.jar;C:\Users\ksman\.m2\repository\com\github\docker-java\docker-java-core\3.4.0\docker-java-core-3.4.0.jar;C:\Users\ksman\.m2\repository\com\github\docker-java\docker-java-api\3.4.0\docker-java-api-3.4.0.jar;C:\Users\ksman\.m2\repository\org\slf4j\jcl-over-slf4j\1.7.30\jcl-over-slf4j-1.7.30.jar;C:\Users\ksman\.m2\repository\com\github\docker-java\docker-java-transport-httpclient5\3.4.0\docker-java-transport-httpclient5-3.4.0.jar;C:\Users\ksman\.m2\repository\com\github\docker-java\docker-java-transport\3.4.0\docker-java-transport-3.4.0.jar;C:\Users\ksman\.m2\repository\net\java\dev\jna\jna\5.13.0\jna-5.13.0.jar;C:\Users\ksman\.m2\repository\org\brotli\dec\0.1.2\dec-0.1.2.jar;C:\Users\ksman\.m2\repository\org\apache\commons\commons-lang3\3.15.0\commons-lang3-3.15.0.jar;C:\Users\ksman\.m2\repository\org\apache\commons\commons-compress\1.26.2\commons-compress-1.26.2.jar;C:\Users\ksman\.m2\repository\org\apache\httpcomponents\client5\httpclient5\5.2.1\httpclient5-5.2.1.jar;C:\Users\ksman\.m2\repository\org\apache\httpcomponents\core5\httpcore5\5.2\httpcore5-5.2.jar;C:\Users\ksman\.m2\repository\org\apache\httpcomponents\core5\httpcore5-h2\5.2\httpcore5-h2-5.2.jar;C:\Users\ksman\.m2\repository\com\fasterxml\jackson\core\jackson-databind\2.17.1\jackson-databind-2.17.1.jar;C:\Users\ksman\.m2\repository\com\fasterxml\jackson\core\jackson-annotations\2.17.1\jackson-annotations-2.17.1.jar;C:\Users\ksman\.m2\repository\com\fasterxml\jackson\core\jackson-core\2.17.1\jackson-core-2.17.1.jar;C:\Users\ksman\.m2\repository\org\apache\logging\log4j\log4j-api\2.25.4\log4j-api-2.25.4.jar;C:\Users\ksman\.m2\repository\org\apache\logging\log4j\log4j-core\2.25.4\log4j-core-2.25.4.jar;C:\Users\ksman\.m2\repository\org\apache\poi\poi-ooxml\5.2.5\poi-ooxml-5.2.5.jar;C:\Users\ksman\.m2\repository\org\apache\poi\poi\5.2.5\poi-5.2.5.jar;C:\Users\ksman\.m2\repository\org\apache\commons\commons-math3\3.6.1\commons-math3-3.6.1.jar;C:\Users\ksman\.m2\repository\com\zaxxer\SparseBitSet\1.3\SparseBitSet-1.3.jar;C:\Users\ksman\.m2\repository\org\apache\poi\poi-ooxml-lite\5.2.5\poi-ooxml-lite-5.2.5.jar;C:\Users\ksman\.m2\repository\org\apache\xmlbeans\xmlbeans\5.2.0\xmlbeans-5.2.0.jar;C:\Users\ksman\.m2\repository\commons-io\commons-io\2.15.0\commons-io-2.15.0.jar;C:\Users\ksman\.m2\repository\com\github\virtuald\curvesapi\1.08\curvesapi-1.08.jar;C:\Users\ksman\.m2\repository\org\apache\commons\commons-collections4\4.4\commons-collections4-4.4.jar;C:\Users\ksman\.m2\repository\com\aventstack\extentreports\5.1.2\extentreports-5.1.2.jar;C:\Users\ksman\.m2\repository\io\reactivex\rxjava3\rxjava\3.1.6\rxjava-3.1.6.jar;C:\Users\ksman\.m2\repository\org\reactivestreams\reactive-streams\1.0.4\reactive-streams-1.0.4.jar;C:\Users\ksman\.m2\repository\org\freemarker\freemarker\2.3.32\freemarker-2.3.32.jar;C:\Users\ksman\.m2\repository\org\projectlombok\lombok\1.18.26\lombok-1.18.26.jar;C:\Users\ksman\.m2\repository\io\qameta\allure\allure-testng\2.29.0\allure-testng-2.29.0.jar;C:\Users\ksman\.m2\repository\io\qameta\allure\allure-java-commons\2.29.0\allure-java-commons-2.29.0.jar;C:\Users\ksman\.m2\repository\io\qameta\allure\allure-model\2.29.0\allure-model-2.29.0.jar;C:\Users\ksman\.m2\repository\io\qameta\allure\allure-test-filter\2.29.0\allure-test-filter-2.29.0.jar
Launcher Type: SUN_STANDARD

[Global flags]
     intx CICompilerCount                          = 4                                         {product} {ergonomic}
     uint ConcGCThreads                            = 3                                         {product} {ergonomic}
     uint G1ConcRefinementThreads                  = 10                                        {product} {ergonomic}
   size_t G1HeapRegionSize                         = 2097152                                   {product} {ergonomic}
    uintx GCDrainStackTargetSize                   = 64                                        {product} {ergonomic}
   size_t InitialHeapSize                          = 264241152                                 {product} {ergonomic}
   size_t MarkStackSize                            = 4194304                                   {product} {ergonomic}
   size_t MaxHeapSize                              = 4223664128                                {product} {ergonomic}
   size_t MaxNewSize                               = 2533359616                                {product} {ergonomic}
   size_t MinHeapDeltaBytes                        = 2097152                                   {product} {ergonomic}
   size_t MinHeapSize                              = 8388608                                   {product} {ergonomic}
    uintx NonNMethodCodeHeapSize                   = 5839372                                {pd product} {ergonomic}
    uintx NonProfiledCodeHeapSize                  = 122909434                              {pd product} {ergonomic}
    uintx ProfiledCodeHeapSize                     = 122909434                              {pd product} {ergonomic}
    uintx ReservedCodeCacheSize                    = 251658240                              {pd product} {ergonomic}
     bool SegmentedCodeCache                       = true                                      {product} {ergonomic}
     bool ShowCodeDetailsInExceptionMessages       = true                                   {manageable} {command line}
   size_t SoftMaxHeapSize                          = 4223664128                             {manageable} {ergonomic}
     bool UseCompressedOops                        = true                           {product lp64_product} {ergonomic}
     bool UseG1GC                                  = true                                      {product} {ergonomic}
     bool UseLargePagesIndividualAllocation        = false                                  {pd product} {ergonomic}

Logging:
Log output configuration:
 #0: stdout all=warning uptime,level,tags foldmultilines=false
 #1: stderr all=off uptime,level,tags foldmultilines=false

Environment Variables:
JAVA_HOME=C:\Program Files\Java\jdk-21.0.10
PATH=C:/Users/ksman/.p2/pool/plugins/org.eclipse.justj.openjdk.hotspot.jre.full.win32.x86_64_21.0.6.v20250130-0529/jre/bin/server;C:/Users/ksman/.p2/pool/plugins/org.eclipse.justj.openjdk.hotspot.jre.full.win32.x86_64_21.0.6.v20250130-0529/jre/bin;C:\Program Files\nodejs\;C:\Program Files\Java\jdk-21.0.10\bin;C:\Windows\System32;C:\Program Files\Java\jdk-25.0.2\bin;C:\Program Files\maven\maven-mvnd-2.0.0-rc-3-windows-amd64;C:\Program Files\Git\bin;C:\Users\ksman\AppData\Local\Programs\Python\Python314\;C:\Users\ksman\AppData\Local\Programs\Python\Python314\Scripts\;C:\Users\ksman\scoop\apps\maven\current\bin;C:\Users\ksman\scoop\shims;C:\Program Files\MySQL\MySQL Shell 8.0\bin\;C:\Program Files\Java\jdk-21.0.10\bin;C:\Users\ksman\AppData\Local\Programs\Python\Launcher\;C:\Users\ksman\AppData\Local\Microsoft\WindowsApps;C:\Users\ksman\Downloads\Microsoft VS Code\bin;C:\Users\ksman\AppData\Local\GitHubDesktop\bin;C:\ProgramData\ksman\GitHubDesktop\bin;C:\Program Files\Java\jdk-17\bin;C:\Program Files\Java\jdk-25.0.2\bin;C:\Program Files\maven\maven-mvnd-2.0.0-rc-3-windows-amd64\bin;C:\Program Files\maven\maven-mvnd-2.0.0-rc-3-windows-amd64\bin;C:\Users\ksman\AppData\Roaming\npm;C:\WINDOWS\system32;
USERNAME=ksman
OS=Windows_NT
PROCESSOR_IDENTIFIER=Intel64 Family 6 Model 141 Stepping 1, GenuineIntel
TMP=C:\Users\ksman\AppData\Local\Temp
TEMP=C:\Users\ksman\AppData\Local\Temp




Periodic native trim disabled

---------------  S Y S T E M  ---------------

OS:
 Windows 11 , 64 bit Build 26100 (10.0.26100.8521)
OS uptime: 0 days 5:31 hours
Hyper-V role detected

CPU: total 12 (initial active 12) (6 cores per cpu, 2 threads per core) family 6 model 141 stepping 1 microcode 0x50, cx8, cmov, fxsr, ht, mmx, 3dnowpref, sse, sse2, sse3, ssse3, sse4.1, sse4.2, popcnt, lzcnt, tsc, tscinvbit, avx, avx2, aes, erms, clmul, bmi1, bmi2, adx, avx512f, avx512dq, avx512cd, avx512bw, avx512vl, sha, fma, vzeroupper, avx512_vpopcntdq, avx512_vpclmulqdq, avx512_vaes, avx512_vnni, clflush, clflushopt, clwb, avx512_vbmi2, avx512_vbmi, hv, rdtscp, rdpid, fsrm, gfni, avx512_bitalg, f16c, cet_ibt, cet_ss, avx512_ifma
Processor Information for processor 0
  Max Mhz: 2688, Current Mhz: 1493, Mhz Limit: 2688
Processor Information for processor 1
  Max Mhz: 2688, Current Mhz: 1493, Mhz Limit: 2688
Processor Information for processor 2
  Max Mhz: 2688, Current Mhz: 1493, Mhz Limit: 2688
Processor Information for processor 3
  Max Mhz: 2688, Current Mhz: 2688, Mhz Limit: 2688
Processor Information for processor 4
  Max Mhz: 2688, Current Mhz: 2688, Mhz Limit: 2688
Processor Information for processor 5
  Max Mhz: 2688, Current Mhz: 1493, Mhz Limit: 2688
Processor Information for processor 6
  Max Mhz: 2688, Current Mhz: 2688, Mhz Limit: 2688
Processor Information for processor 7
  Max Mhz: 2688, Current Mhz: 1493, Mhz Limit: 2688
Processor Information for processor 8
  Max Mhz: 2688, Current Mhz: 2688, Mhz Limit: 2688
Processor Information for processor 9
  Max Mhz: 2688, Current Mhz: 2688, Mhz Limit: 2688
Processor Information for processor 10
  Max Mhz: 2688, Current Mhz: 2688, Mhz Limit: 2688
Processor Information for processor 11
  Max Mhz: 2688, Current Mhz: 2688, Mhz Limit: 2688

Memory: 4k page, system-wide physical 16106M (2035M free)
TotalPageFile size 24298M (AvailPageFile size 5M)
current process WorkingSet (physical memory assigned to process): 149M, peak: 149M
current process commit charge ("private bytes"): 404M, peak: 404M

vm_info: OpenJDK 64-Bit Server VM (21.0.6+7-LTS) for windows-amd64 JRE (21.0.6+7-LTS), built on 2025-01-21T00:00:00Z by "admin" with MS VC++ 17.7 (VS2022)

END.
